<?xml version="1.0" encoding="UTF-8"?>
<testsuite xmlns:xsi="http://www.w3.org/2001/XMLSchema-instance" xsi:noNamespaceSchemaLocation="https://maven.apache.org/surefire/maven-surefire-plugin/xsd/surefire-test-report.xsd" name="roboticHand.Controllers.UserControllerTest" time="0.555" tests="3" errors="0" skipped="0" failures="0">
  <properties>
[...]
</properties>
  <testcase name="logInRedirect" classname="roboticHand.Controllers.UserControllerTest" time="0.043"/>
  <testcase name="signUpRedirect" classname="roboticHand.Controllers.UserControllerTest" time="0.056"/>
  <testcase name="userInfoRedirect" classname="roboticHand.Controllers.UserControllerTest" time="0.194"/>
</testsuite>